#-----------------------------------------------------------
# Vivado v2018.2 (64-bit)
# SW Build 2258646 on Thu Jun 14 20:03:12 MDT 2018
# IP Build 2256618 on Thu Jun 14 22:10:49 MDT 2018
# Start of session at: Sun Jun 11 16:25:25 2023
# Process ID: 2336
# Current directory: D:/Semester 02/Computer Organization And digital Design/New Labs/Micro Processor/Micro processer
# Command line: vivado.exe -gui_launcher_event rodinguilauncherevent8232 D:\Semester 02\Computer Organization And digital Design\New Labs\Micro Processor\Micro processer\Micro processer.xpr
# Log file: D:/Semester 02/Computer Organization And digital Design/New Labs/Micro Processor/Micro processer/vivado.log
# Journal file: D:/Semester 02/Computer Organization And digital Design/New Labs/Micro Processor/Micro processer\vivado.jou
#-----------------------------------------------------------
start_gui
open_project {D:/Semester 02/Computer Organization And digital Design/New Labs/Micro Processor/Micro processer/Micro processer.xpr}
INFO: [ProjectBase 1-489] The host OS only allows 260 characters in a normal path. The project is stored in a path with more than 80 characters. If you experience issues with IP, Block Designs, or files not being found, please consider moving the project to a location with a shorter path. Alternately consider using the OS subst command to map part of the path to a drive letter.
Current project path is 'D:/Semester 02/Computer Organization And digital Design/New Labs/Micro Processor/Micro processer'
Scanning sources...
Finished scanning sources
INFO: [IP_Flow 19-234] Refreshing IP repositories
INFO: [IP_Flow 19-1704] No user IP repositories specified
INFO: [IP_Flow 19-2313] Loaded Vivado IP repository 'C:/Xilinx/Vivado/2018.2/data/ip'.
open_project: Time (s): cpu = 00:00:03 ; elapsed = 00:00:08 . Memory (MB): peak = 841.223 ; gain = 119.312
update_compile_order -fileset sources_1
launch_simulation
INFO: [Vivado 12-5682] Launching behavioral simulation in 'D:/Semester 02/Computer Organization And digital Design/New Labs/Micro Processor/Micro processer/Micro processer.sim/sim_1/behav/xsim'
INFO: [SIM-utils-51] Simulation object is 'sim_1'
INFO: [SIM-utils-54] Inspecting design source files for 'MicroProcesser_TB' in fileset 'sim_1'...
INFO: [USF-XSim-97] Finding global include files...
INFO: [USF-XSim-98] Fetching design files from 'sim_1'...
INFO: [USF-XSim-2] XSim::Compile design
INFO: [USF-XSim-61] Executing 'COMPILE and ANALYZE' step in 'D:/Semester 02/Computer Organization And digital Design/New Labs/Micro Processor/Micro processer/Micro processer.sim/sim_1/behav/xsim'
"xvhdl --incr --relax -prj MicroProcesser_TB_vhdl.prj"
INFO: [VRFC 10-163] Analyzing VHDL file "D:/Semester 02/Computer Organization And digital Design/New Labs/Micro Processor/Micro processer/Micro processer.srcs/sources_1/imports/new/Program_Rom.vhd" into library xil_defaultlib
INFO: [VRFC 10-307] analyzing entity Program_Rom
INFO: [USF-XSim-69] 'compile' step finished in '1' seconds
INFO: [USF-XSim-3] XSim::Elaborate design
INFO: [USF-XSim-61] Executing 'ELABORATE' step in 'D:/Semester 02/Computer Organization And digital Design/New Labs/Micro Processor/Micro processer/Micro processer.sim/sim_1/behav/xsim'
Vivado Simulator 2018.2
Copyright 1986-1999, 2001-2018 Xilinx, Inc. All Rights Reserved.
Running: C:/Xilinx/Vivado/2018.2/bin/unwrapped/win64.o/xelab.exe -wto 40e1a9a7d15d40fd86ecd75a1aa0009c --incr --debug typical --relax --mt 2 -L xil_defaultlib -L secureip --snapshot MicroProcesser_TB_behav xil_defaultlib.MicroProcesser_TB -log elaborate.log 
Using 2 slave threads.
Starting static elaboration
Completed static elaboration
Starting simulation data flow analysis
Completed simulation data flow analysis
Time Resolution for simulation is 1ps
Compiling package std.standard
Compiling package std.textio
Compiling package ieee.std_logic_1164
Compiling package ieee.numeric_std
Compiling architecture behavioral of entity xil_defaultlib.Slow_Clk [slow_clk_default]
Compiling architecture behavioral of entity xil_defaultlib.ProgramCounter [programcounter_default]
Compiling architecture behavioral of entity xil_defaultlib.Program_Rom [program_rom_default]
Compiling architecture behavioral of entity xil_defaultlib.InstDecoder [instdecoder_default]
Compiling architecture behavioral of entity xil_defaultlib.MUX_2_4 [mux_2_4_default]
Compiling architecture behavioral of entity xil_defaultlib.Decoder_3_to_8 [decoder_3_to_8_default]
Compiling architecture behavioral of entity xil_defaultlib.Reg [reg_default]
Compiling architecture behavioral of entity xil_defaultlib.RegisterBank [registerbank_default]
Compiling architecture behavioral of entity xil_defaultlib.MUX_8_4 [mux_8_4_default]
Compiling architecture behavioral of entity xil_defaultlib.HA [ha_default]
Compiling architecture behavioral of entity xil_defaultlib.FA [fa_default]
Compiling architecture behavioral of entity xil_defaultlib.AdderSubs [addersubs_default]
Compiling architecture behavioral of entity xil_defaultlib.RCA_3 [rca_3_default]
Compiling architecture behavioral of entity xil_defaultlib.MUX_2_3 [mux_2_3_default]
Compiling architecture behavioral of entity xil_defaultlib.LUT_16_7 [lut_16_7_default]
Compiling architecture behavioral of entity xil_defaultlib.MicroProcesser [microprocesser_default]
Compiling architecture behavioral of entity xil_defaultlib.microprocesser_tb
Built simulation snapshot MicroProcesser_TB_behav
INFO: [USF-XSim-69] 'elaborate' step finished in '3' seconds
INFO: [USF-XSim-4] XSim::Simulate design
INFO: [USF-XSim-61] Executing 'SIMULATE' step in 'D:/Semester 02/Computer Organization And digital Design/New Labs/Micro Processor/Micro processer/Micro processer.sim/sim_1/behav/xsim'
INFO: [USF-XSim-98] *** Running xsim
   with args "MicroProcesser_TB_behav -key {Behavioral:sim_1:Functional:MicroProcesser_TB} -tclbatch {MicroProcesser_TB.tcl} -view {{D:/Semester 02/Computer Organization And digital Design/New Labs/Micro Processor/Micro processer/MicroProcesser_TB_behav.wcfg}} -log {simulate.log}"
INFO: [USF-XSim-8] Loading simulator feature
Vivado Simulator 2018.2
Time resolution is 1 ps
open_wave_config {D:/Semester 02/Computer Organization And digital Design/New Labs/Micro Processor/Micro processer/MicroProcesser_TB_behav.wcfg}
source MicroProcesser_TB.tcl
# set curr_wave [current_wave_config]
# if { [string length $curr_wave] == 0 } {
#   if { [llength [get_objects]] > 0} {
#     add_wave /
#     set_property needs_save false [current_wave_config]
#   } else {
#      send_msg_id Add_Wave-1 WARNING "No top level signals found. Simulator will start without a wave window. If you want to open a wave window go to 'File->New Waveform Configuration' or type 'create_wave_config' in the TCL console."
#   }
# }
# run 1000ns
INFO: [USF-XSim-96] XSim completed. Design snapshot 'MicroProcesser_TB_behav' loaded.
INFO: [USF-XSim-97] XSim simulation ran for 1000ns
launch_simulation: Time (s): cpu = 00:00:02 ; elapsed = 00:00:07 . Memory (MB): peak = 896.293 ; gain = 40.020
reset_run synth_1
WARNING: [Vivado 12-1017] Problems encountered:
1. Failed to delete one or more files in run directory D:/Semester 02/Computer Organization And digital Design/New Labs/Micro Processor/Micro processer/Micro processer.runs/synth_1

launch_runs impl_1 -to_step write_bitstream -jobs 4
[Sun Jun 11 16:26:22 2023] Launched synth_1...
Run output will be captured here: D:/Semester 02/Computer Organization And digital Design/New Labs/Micro Processor/Micro processer/Micro processer.runs/synth_1/runme.log
[Sun Jun 11 16:26:23 2023] Launched impl_1...
Run output will be captured here: D:/Semester 02/Computer Organization And digital Design/New Labs/Micro Processor/Micro processer/Micro processer.runs/impl_1/runme.log
open_run impl_1
INFO: [Netlist 29-17] Analyzing 10 Unisim elements for replacement
INFO: [Netlist 29-28] Unisim Transformation completed in 0 CPU seconds
INFO: [Project 1-479] Netlist was created with Vivado 2018.2
INFO: [Device 21-403] Loading part xc7a35tcpg236-1
INFO: [Project 1-570] Preparing netlist for logic optimization
INFO: [Timing 38-478] Restoring timing data from binary archive.
INFO: [Timing 38-479] Binary timing data restore complete.
INFO: [Project 1-856] Restoring constraints from binary archive.
INFO: [Project 1-853] Binary constraint restore complete.
Reading XDEF placement.
Reading placer database...
Reading XDEF routing.
Read XDEF File: Time (s): cpu = 00:00:00 ; elapsed = 00:00:00.032 . Memory (MB): peak = 1694.859 ; gain = 0.000
Restored from archive | CPU: 0.000000 secs | Memory: 0.000000 MB |
Finished XDEF File Restore: Time (s): cpu = 00:00:00 ; elapsed = 00:00:00.032 . Memory (MB): peak = 1694.859 ; gain = 0.000
INFO: [Project 1-111] Unisim Transformation Summary:
No Unisim elements were transformed.

open_run: Time (s): cpu = 00:00:11 ; elapsed = 00:00:16 . Memory (MB): peak = 1794.676 ; gain = 898.383
close_sim
INFO: [Simtcl 6-16] Simulation closed
exit
INFO: [Common 17-206] Exiting Vivado at Sun Jun 11 16:29:08 2023...
