#-----------------------------------------------------------
# Vivado v2018.2 (64-bit)
# SW Build 2258646 on Thu Jun 14 20:03:12 MDT 2018
# IP Build 2256618 on Thu Jun 14 22:10:49 MDT 2018
# Start of session at: Sat Jun  3 10:24:25 2023
# Process ID: 4944
# Current directory: D:/Semester 02/Computer Organization And digital Design/New Labs/Micro Processor/3_Bit_Adder
# Command line: vivado.exe -gui_launcher_event rodinguilauncherevent1296 D:\Semester 02\Computer Organization And digital Design\New Labs\Micro Processor\3_Bit_Adder\3_Bit_Adder.xpr
# Log file: D:/Semester 02/Computer Organization And digital Design/New Labs/Micro Processor/3_Bit_Adder/vivado.log
# Journal file: D:/Semester 02/Computer Organization And digital Design/New Labs/Micro Processor/3_Bit_Adder\vivado.jou
#-----------------------------------------------------------
start_gui
open_project {D:/Semester 02/Computer Organization And digital Design/New Labs/Micro Processor/3_Bit_Adder/3_Bit_Adder.xpr}
INFO: [ProjectBase 1-489] The host OS only allows 260 characters in a normal path. The project is stored in a path with more than 80 characters. If you experience issues with IP, Block Designs, or files not being found, please consider moving the project to a location with a shorter path. Alternately consider using the OS subst command to map part of the path to a drive letter.
Current project path is 'D:/Semester 02/Computer Organization And digital Design/New Labs/Micro Processor/3_Bit_Adder'
Scanning sources...
Finished scanning sources
INFO: [IP_Flow 19-234] Refreshing IP repositories
INFO: [IP_Flow 19-1704] No user IP repositories specified
INFO: [IP_Flow 19-2313] Loaded Vivado IP repository 'C:/Xilinx/Vivado/2018.2/data/ip'.
update_compile_order -fileset sources_1
exit
INFO: [Common 17-206] Exiting Vivado at Sat Jun  3 10:25:20 2023...
