#-----------------------------------------------------------
# Vivado v2018.2 (64-bit)
# SW Build 2258646 on Thu Jun 14 20:03:12 MDT 2018
# IP Build 2256618 on Thu Jun 14 22:10:49 MDT 2018
# Start of session at: Sat Jun  3 23:25:52 2023
# Process ID: 6044
# Current directory: D:/Semester 02/Computer Organization And digital Design/New Labs/Micro Processor/ProgamRom
# Command line: vivado.exe -gui_launcher_event rodinguilauncherevent11232 D:\Semester 02\Computer Organization And digital Design\New Labs\Micro Processor\ProgamRom\ProgamRom.xpr
# Log file: D:/Semester 02/Computer Organization And digital Design/New Labs/Micro Processor/ProgamRom/vivado.log
# Journal file: D:/Semester 02/Computer Organization And digital Design/New Labs/Micro Processor/ProgamRom\vivado.jou
#-----------------------------------------------------------
start_gui
open_project {D:/Semester 02/Computer Organization And digital Design/New Labs/Micro Processor/ProgamRom/ProgamRom.xpr}
INFO: [ProjectBase 1-489] The host OS only allows 260 characters in a normal path. The project is stored in a path with more than 80 characters. If you experience issues with IP, Block Designs, or files not being found, please consider moving the project to a location with a shorter path. Alternately consider using the OS subst command to map part of the path to a drive letter.
Current project path is 'D:/Semester 02/Computer Organization And digital Design/New Labs/Micro Processor/ProgamRom'
Scanning sources...
Finished scanning sources
INFO: [IP_Flow 19-234] Refreshing IP repositories
INFO: [IP_Flow 19-1704] No user IP repositories specified
INFO: [IP_Flow 19-2313] Loaded Vivado IP repository 'C:/Xilinx/Vivado/2018.2/data/ip'.
update_compile_order -fileset sources_1
file mkdir D:/Semester 02/Computer Organization And digital Design/New Labs/Micro Processor/ProgamRom/ProgamRom.srcs/sim_1/new
file mkdir D:/Semester 02/Computer Organization And digital Design/New Labs/Micro Processor/ProgamRom/ProgamRom.srcs/sim_1/new
file mkdir D:/Semester 02/Computer Organization And digital Design/New Labs/Micro Processor/ProgamRom/ProgamRom.srcs/sim_1/new
file mkdir D:/Semester 02/Computer Organization And digital Design/New Labs/Micro Processor/ProgamRom/ProgamRom.srcs/sim_1/new
file mkdir D:/Semester 02/Computer Organization And digital Design/New Labs/Micro Processor/ProgamRom/ProgamRom.srcs/sim_1/new
set_property SOURCE_SET sources_1 [get_filesets sim_1]
file mkdir D:/Semester 02/Computer Organization And digital Design/New Labs/Micro Processor/ProgamRom/ProgamRom.srcs/sim_1/new
file mkdir {D:/Semester 02/Computer Organization And digital Design/New Labs/Micro Processor/ProgamRom/ProgamRom.srcs/sim_1/new}
close [ open {D:/Semester 02/Computer Organization And digital Design/New Labs/Micro Processor/ProgamRom/ProgamRom.srcs/sim_1/new/Program_Rom_TB.vhd} w ]
add_files -fileset sim_1 {{D:/Semester 02/Computer Organization And digital Design/New Labs/Micro Processor/ProgamRom/ProgamRom.srcs/sim_1/new/Program_Rom_TB.vhd}}
update_compile_order -fileset sim_1
set_property top Program_Rom_TB [get_filesets sim_1]
set_property top_lib xil_defaultlib [get_filesets sim_1]
update_compile_order -fileset sim_1
reset_run synth_1
launch_runs synth_1 -jobs 4
[Sat Jun  3 23:31:50 2023] Launched synth_1...
Run output will be captured here: D:/Semester 02/Computer Organization And digital Design/New Labs/Micro Processor/ProgamRom/ProgamRom.runs/synth_1/runme.log
launch_runs impl_1 -jobs 4
[Sat Jun  3 23:32:12 2023] Launched impl_1...
Run output will be captured here: D:/Semester 02/Computer Organization And digital Design/New Labs/Micro Processor/ProgamRom/ProgamRom.runs/impl_1/runme.log
launch_simulation
INFO: [Vivado 12-5682] Launching behavioral simulation in 'D:/Semester 02/Computer Organization And digital Design/New Labs/Micro Processor/ProgamRom/ProgamRom.sim/sim_1/behav/xsim'
INFO: [SIM-utils-51] Simulation object is 'sim_1'
INFO: [SIM-utils-54] Inspecting design source files for 'Program_Rom_TB' in fileset 'sim_1'...
INFO: [USF-XSim-97] Finding global include files...
INFO: [USF-XSim-98] Fetching design files from 'sim_1'...
INFO: [USF-XSim-2] XSim::Compile design
INFO: [USF-XSim-61] Executing 'COMPILE and ANALYZE' step in 'D:/Semester 02/Computer Organization And digital Design/New Labs/Micro Processor/ProgamRom/ProgamRom.sim/sim_1/behav/xsim'
"xvhdl --incr --relax -prj Program_Rom_TB_vhdl.prj"
INFO: [VRFC 10-163] Analyzing VHDL file "D:/Semester 02/Computer Organization And digital Design/New Labs/Micro Processor/ProgamRom/ProgamRom.srcs/sources_1/imports/new/LU_Table.vhd" into library xil_defaultlib
INFO: [VRFC 10-307] analyzing entity LU_Table
INFO: [VRFC 10-163] Analyzing VHDL file "D:/Semester 02/Computer Organization And digital Design/New Labs/Micro Processor/ProgamRom/ProgamRom.srcs/sources_1/new/Program_Rom.vhd" into library xil_defaultlib
INFO: [VRFC 10-307] analyzing entity Program_Rom
INFO: [VRFC 10-163] Analyzing VHDL file "D:/Semester 02/Computer Organization And digital Design/New Labs/Micro Processor/ProgamRom/ProgamRom.srcs/sim_1/new/Program_Rom_TB.vhd" into library xil_defaultlib
INFO: [VRFC 10-307] analyzing entity Program_Rom_TB
INFO: [USF-XSim-69] 'compile' step finished in '1' seconds
INFO: [USF-XSim-3] XSim::Elaborate design
INFO: [USF-XSim-61] Executing 'ELABORATE' step in 'D:/Semester 02/Computer Organization And digital Design/New Labs/Micro Processor/ProgamRom/ProgamRom.sim/sim_1/behav/xsim'
Vivado Simulator 2018.2
Copyright 1986-1999, 2001-2018 Xilinx, Inc. All Rights Reserved.
Running: C:/Xilinx/Vivado/2018.2/bin/unwrapped/win64.o/xelab.exe -wto 1f346e3b1e304151830972f1ef2ca50b --incr --debug typical --relax --mt 2 -L xil_defaultlib -L secureip --snapshot Program_Rom_TB_behav xil_defaultlib.Program_Rom_TB -log elaborate.log 
Using 2 slave threads.
Starting static elaboration
Completed static elaboration
Starting simulation data flow analysis
Completed simulation data flow analysis
Time Resolution for simulation is 1ps
Compiling package std.standard
Compiling package std.textio
Compiling package ieee.std_logic_1164
Compiling package ieee.numeric_std
Compiling architecture behavioral of entity xil_defaultlib.LU_Table [lu_table_default]
Compiling architecture behavioral of entity xil_defaultlib.Program_Rom [program_rom_default]
Compiling architecture behavioral of entity xil_defaultlib.program_rom_tb
Built simulation snapshot Program_Rom_TB_behav

****** Webtalk v2018.2 (64-bit)
  **** SW Build 2258646 on Thu Jun 14 20:03:12 MDT 2018
  **** IP Build 2256618 on Thu Jun 14 22:10:49 MDT 2018
    ** Copyright 1986-2018 Xilinx, Inc. All Rights Reserved.

source D:/Semester -notrace
couldn't read file "D:/Semester": permission denied
INFO: [Common 17-206] Exiting Webtalk at Sat Jun  3 23:33:10 2023...
INFO: [USF-XSim-69] 'elaborate' step finished in '2' seconds
INFO: [USF-XSim-4] XSim::Simulate design
INFO: [USF-XSim-61] Executing 'SIMULATE' step in 'D:/Semester 02/Computer Organization And digital Design/New Labs/Micro Processor/ProgamRom/ProgamRom.sim/sim_1/behav/xsim'
INFO: [USF-XSim-98] *** Running xsim
   with args "Program_Rom_TB_behav -key {Behavioral:sim_1:Functional:Program_Rom_TB} -tclbatch {Program_Rom_TB.tcl} -log {simulate.log}"
INFO: [USF-XSim-8] Loading simulator feature
Vivado Simulator 2018.2
Time resolution is 1 ps
source Program_Rom_TB.tcl
# set curr_wave [current_wave_config]
# if { [string length $curr_wave] == 0 } {
#   if { [llength [get_objects]] > 0} {
#     add_wave /
#     set_property needs_save false [current_wave_config]
#   } else {
#      send_msg_id Add_Wave-1 WARNING "No top level signals found. Simulator will start without a wave window. If you want to open a wave window go to 'File->New Waveform Configuration' or type 'create_wave_config' in the TCL console."
#   }
# }
# run 1000ns
INFO: [USF-XSim-96] XSim completed. Design snapshot 'Program_Rom_TB_behav' loaded.
INFO: [USF-XSim-97] XSim simulation ran for 1000ns
close_sim
INFO: [Simtcl 6-16] Simulation closed
launch_simulation
INFO: [Vivado 12-5682] Launching behavioral simulation in 'D:/Semester 02/Computer Organization And digital Design/New Labs/Micro Processor/ProgamRom/ProgamRom.sim/sim_1/behav/xsim'
INFO: [SIM-utils-51] Simulation object is 'sim_1'
INFO: [SIM-utils-54] Inspecting design source files for 'Program_Rom_TB' in fileset 'sim_1'...
INFO: [USF-XSim-97] Finding global include files...
INFO: [USF-XSim-98] Fetching design files from 'sim_1'...
INFO: [USF-XSim-2] XSim::Compile design
INFO: [USF-XSim-61] Executing 'COMPILE and ANALYZE' step in 'D:/Semester 02/Computer Organization And digital Design/New Labs/Micro Processor/ProgamRom/ProgamRom.sim/sim_1/behav/xsim'
"xvhdl --incr --relax -prj Program_Rom_TB_vhdl.prj"
INFO: [VRFC 10-163] Analyzing VHDL file "D:/Semester 02/Computer Organization And digital Design/New Labs/Micro Processor/ProgamRom/ProgamRom.srcs/sources_1/imports/new/LU_Table.vhd" into library xil_defaultlib
INFO: [VRFC 10-307] analyzing entity LU_Table
INFO: [USF-XSim-69] 'compile' step finished in '1' seconds
INFO: [USF-XSim-3] XSim::Elaborate design
INFO: [USF-XSim-61] Executing 'ELABORATE' step in 'D:/Semester 02/Computer Organization And digital Design/New Labs/Micro Processor/ProgamRom/ProgamRom.sim/sim_1/behav/xsim'
Vivado Simulator 2018.2
Copyright 1986-1999, 2001-2018 Xilinx, Inc. All Rights Reserved.
Running: C:/Xilinx/Vivado/2018.2/bin/unwrapped/win64.o/xelab.exe -wto 1f346e3b1e304151830972f1ef2ca50b --incr --debug typical --relax --mt 2 -L xil_defaultlib -L secureip --snapshot Program_Rom_TB_behav xil_defaultlib.Program_Rom_TB -log elaborate.log 
Using 2 slave threads.
Starting static elaboration
Completed static elaboration
Starting simulation data flow analysis
Completed simulation data flow analysis
Time Resolution for simulation is 1ps
Compiling package std.standard
Compiling package std.textio
Compiling package ieee.std_logic_1164
Compiling package ieee.numeric_std
Compiling architecture behavioral of entity xil_defaultlib.LU_Table [lu_table_default]
Compiling architecture behavioral of entity xil_defaultlib.Program_Rom [program_rom_default]
Compiling architecture behavioral of entity xil_defaultlib.program_rom_tb
Built simulation snapshot Program_Rom_TB_behav
INFO: [USF-XSim-69] 'elaborate' step finished in '1' seconds
INFO: [USF-XSim-4] XSim::Simulate design
INFO: [USF-XSim-61] Executing 'SIMULATE' step in 'D:/Semester 02/Computer Organization And digital Design/New Labs/Micro Processor/ProgamRom/ProgamRom.sim/sim_1/behav/xsim'
INFO: [USF-XSim-98] *** Running xsim
   with args "Program_Rom_TB_behav -key {Behavioral:sim_1:Functional:Program_Rom_TB} -tclbatch {Program_Rom_TB.tcl} -log {simulate.log}"
INFO: [USF-XSim-8] Loading simulator feature
Vivado Simulator 2018.2
Time resolution is 1 ps
source Program_Rom_TB.tcl
# set curr_wave [current_wave_config]
# if { [string length $curr_wave] == 0 } {
#   if { [llength [get_objects]] > 0} {
#     add_wave /
#     set_property needs_save false [current_wave_config]
#   } else {
#      send_msg_id Add_Wave-1 WARNING "No top level signals found. Simulator will start without a wave window. If you want to open a wave window go to 'File->New Waveform Configuration' or type 'create_wave_config' in the TCL console."
#   }
# }
# run 1000ns
INFO: [USF-XSim-96] XSim completed. Design snapshot 'Program_Rom_TB_behav' loaded.
INFO: [USF-XSim-97] XSim simulation ran for 1000ns
launch_simulation: Time (s): cpu = 00:00:00 ; elapsed = 00:00:06 . Memory (MB): peak = 1003.309 ; gain = 0.000
close_sim
INFO: [Simtcl 6-16] Simulation closed
launch_simulation
INFO: [Vivado 12-5682] Launching behavioral simulation in 'D:/Semester 02/Computer Organization And digital Design/New Labs/Micro Processor/ProgamRom/ProgamRom.sim/sim_1/behav/xsim'
INFO: [SIM-utils-51] Simulation object is 'sim_1'
INFO: [SIM-utils-54] Inspecting design source files for 'Program_Rom_TB' in fileset 'sim_1'...
INFO: [USF-XSim-97] Finding global include files...
INFO: [USF-XSim-98] Fetching design files from 'sim_1'...
INFO: [USF-XSim-2] XSim::Compile design
INFO: [USF-XSim-61] Executing 'COMPILE and ANALYZE' step in 'D:/Semester 02/Computer Organization And digital Design/New Labs/Micro Processor/ProgamRom/ProgamRom.sim/sim_1/behav/xsim'
"xvhdl --incr --relax -prj Program_Rom_TB_vhdl.prj"
INFO: [VRFC 10-163] Analyzing VHDL file "D:/Semester 02/Computer Organization And digital Design/New Labs/Micro Processor/ProgamRom/ProgamRom.srcs/sim_1/new/Program_Rom_TB.vhd" into library xil_defaultlib
INFO: [VRFC 10-307] analyzing entity Program_Rom_TB
INFO: [USF-XSim-69] 'compile' step finished in '1' seconds
INFO: [USF-XSim-3] XSim::Elaborate design
INFO: [USF-XSim-61] Executing 'ELABORATE' step in 'D:/Semester 02/Computer Organization And digital Design/New Labs/Micro Processor/ProgamRom/ProgamRom.sim/sim_1/behav/xsim'
Vivado Simulator 2018.2
Copyright 1986-1999, 2001-2018 Xilinx, Inc. All Rights Reserved.
Running: C:/Xilinx/Vivado/2018.2/bin/unwrapped/win64.o/xelab.exe -wto 1f346e3b1e304151830972f1ef2ca50b --incr --debug typical --relax --mt 2 -L xil_defaultlib -L secureip --snapshot Program_Rom_TB_behav xil_defaultlib.Program_Rom_TB -log elaborate.log 
Using 2 slave threads.
Starting static elaboration
Completed static elaboration
Starting simulation data flow analysis
Completed simulation data flow analysis
Time Resolution for simulation is 1ps
Compiling package std.standard
Compiling package std.textio
Compiling package ieee.std_logic_1164
Compiling package ieee.numeric_std
Compiling architecture behavioral of entity xil_defaultlib.LU_Table [lu_table_default]
Compiling architecture behavioral of entity xil_defaultlib.Program_Rom [program_rom_default]
Compiling architecture behavioral of entity xil_defaultlib.program_rom_tb
Built simulation snapshot Program_Rom_TB_behav
INFO: [USF-XSim-69] 'elaborate' step finished in '1' seconds
INFO: [USF-XSim-4] XSim::Simulate design
INFO: [USF-XSim-61] Executing 'SIMULATE' step in 'D:/Semester 02/Computer Organization And digital Design/New Labs/Micro Processor/ProgamRom/ProgamRom.sim/sim_1/behav/xsim'
INFO: [USF-XSim-98] *** Running xsim
   with args "Program_Rom_TB_behav -key {Behavioral:sim_1:Functional:Program_Rom_TB} -tclbatch {Program_Rom_TB.tcl} -log {simulate.log}"
INFO: [USF-XSim-8] Loading simulator feature
Vivado Simulator 2018.2
Time resolution is 1 ps
source Program_Rom_TB.tcl
# set curr_wave [current_wave_config]
# if { [string length $curr_wave] == 0 } {
#   if { [llength [get_objects]] > 0} {
#     add_wave /
#     set_property needs_save false [current_wave_config]
#   } else {
#      send_msg_id Add_Wave-1 WARNING "No top level signals found. Simulator will start without a wave window. If you want to open a wave window go to 'File->New Waveform Configuration' or type 'create_wave_config' in the TCL console."
#   }
# }
# run 1000ns
ERROR: Index 7 out of bound 0 to 5
Time: 100 ns  Iteration: 1  Process: /Program_Rom_TB/UUT/Program_Rom/line__55
  File: D:/Semester 02/Computer Organization And digital Design/New Labs/Micro Processor/ProgamRom/ProgamRom.srcs/sources_1/imports/new/LU_Table.vhd

HDL Line: D:/Semester 02/Computer Organization And digital Design/New Labs/Micro Processor/ProgamRom/ProgamRom.srcs/sources_1/imports/new/LU_Table.vhd:55
INFO: [USF-XSim-96] XSim completed. Design snapshot 'Program_Rom_TB_behav' loaded.
INFO: [USF-XSim-97] XSim simulation ran for 1000ns
close_sim
INFO: [Simtcl 6-16] Simulation closed
launch_simulation
INFO: [Vivado 12-5682] Launching behavioral simulation in 'D:/Semester 02/Computer Organization And digital Design/New Labs/Micro Processor/ProgamRom/ProgamRom.sim/sim_1/behav/xsim'
INFO: [SIM-utils-51] Simulation object is 'sim_1'
INFO: [SIM-utils-54] Inspecting design source files for 'Program_Rom_TB' in fileset 'sim_1'...
INFO: [USF-XSim-97] Finding global include files...
INFO: [USF-XSim-98] Fetching design files from 'sim_1'...
INFO: [USF-XSim-2] XSim::Compile design
INFO: [USF-XSim-61] Executing 'COMPILE and ANALYZE' step in 'D:/Semester 02/Computer Organization And digital Design/New Labs/Micro Processor/ProgamRom/ProgamRom.sim/sim_1/behav/xsim'
"xvhdl --incr --relax -prj Program_Rom_TB_vhdl.prj"
INFO: [VRFC 10-163] Analyzing VHDL file "D:/Semester 02/Computer Organization And digital Design/New Labs/Micro Processor/ProgamRom/ProgamRom.srcs/sim_1/new/Program_Rom_TB.vhd" into library xil_defaultlib
INFO: [VRFC 10-307] analyzing entity Program_Rom_TB
INFO: [USF-XSim-69] 'compile' step finished in '1' seconds
INFO: [USF-XSim-3] XSim::Elaborate design
INFO: [USF-XSim-61] Executing 'ELABORATE' step in 'D:/Semester 02/Computer Organization And digital Design/New Labs/Micro Processor/ProgamRom/ProgamRom.sim/sim_1/behav/xsim'
Vivado Simulator 2018.2
Copyright 1986-1999, 2001-2018 Xilinx, Inc. All Rights Reserved.
Running: C:/Xilinx/Vivado/2018.2/bin/unwrapped/win64.o/xelab.exe -wto 1f346e3b1e304151830972f1ef2ca50b --incr --debug typical --relax --mt 2 -L xil_defaultlib -L secureip --snapshot Program_Rom_TB_behav xil_defaultlib.Program_Rom_TB -log elaborate.log 
Using 2 slave threads.
Starting static elaboration
Completed static elaboration
Starting simulation data flow analysis
Completed simulation data flow analysis
Time Resolution for simulation is 1ps
Compiling package std.standard
Compiling package std.textio
Compiling package ieee.std_logic_1164
Compiling package ieee.numeric_std
Compiling architecture behavioral of entity xil_defaultlib.LU_Table [lu_table_default]
Compiling architecture behavioral of entity xil_defaultlib.Program_Rom [program_rom_default]
Compiling architecture behavioral of entity xil_defaultlib.program_rom_tb
Built simulation snapshot Program_Rom_TB_behav
INFO: [USF-XSim-69] 'elaborate' step finished in '1' seconds
INFO: [USF-XSim-4] XSim::Simulate design
INFO: [USF-XSim-61] Executing 'SIMULATE' step in 'D:/Semester 02/Computer Organization And digital Design/New Labs/Micro Processor/ProgamRom/ProgamRom.sim/sim_1/behav/xsim'
INFO: [USF-XSim-98] *** Running xsim
   with args "Program_Rom_TB_behav -key {Behavioral:sim_1:Functional:Program_Rom_TB} -tclbatch {Program_Rom_TB.tcl} -log {simulate.log}"
INFO: [USF-XSim-8] Loading simulator feature
Vivado Simulator 2018.2
Time resolution is 1 ps
source Program_Rom_TB.tcl
# set curr_wave [current_wave_config]
# if { [string length $curr_wave] == 0 } {
#   if { [llength [get_objects]] > 0} {
#     add_wave /
#     set_property needs_save false [current_wave_config]
#   } else {
#      send_msg_id Add_Wave-1 WARNING "No top level signals found. Simulator will start without a wave window. If you want to open a wave window go to 'File->New Waveform Configuration' or type 'create_wave_config' in the TCL console."
#   }
# }
# run 1000ns
INFO: [USF-XSim-96] XSim completed. Design snapshot 'Program_Rom_TB_behav' loaded.
INFO: [USF-XSim-97] XSim simulation ran for 1000ns
close_sim
INFO: [Simtcl 6-16] Simulation closed
exit
INFO: [Common 17-206] Exiting Vivado at Sat Jun  3 23:46:43 2023...
