#-----------------------------------------------------------
# Vivado v2018.2 (64-bit)
# SW Build 2258646 on Thu Jun 14 20:03:12 MDT 2018
# IP Build 2256618 on Thu Jun 14 22:10:49 MDT 2018
# Start of session at: Sat Jun  3 14:59:28 2023
# Process ID: 14240
# Current directory: D:/Semester 02/Computer Organization And digital Design/New Labs/Micro Processor/ProgamRom
# Command line: vivado.exe -gui_launcher_event rodinguilauncherevent13716 D:\Semester 02\Computer Organization And digital Design\New Labs\Micro Processor\ProgamRom\ProgamRom.xpr
# Log file: D:/Semester 02/Computer Organization And digital Design/New Labs/Micro Processor/ProgamRom/vivado.log
# Journal file: D:/Semester 02/Computer Organization And digital Design/New Labs/Micro Processor/ProgamRom\vivado.jou
#-----------------------------------------------------------
start_gui
open_project {D:/Semester 02/Computer Organization And digital Design/New Labs/Micro Processor/ProgamRom/ProgamRom.xpr}
INFO: [ProjectBase 1-489] The host OS only allows 260 characters in a normal path. The project is stored in a path with more than 80 characters. If you experience issues with IP, Block Designs, or files not being found, please consider moving the project to a location with a shorter path. Alternately consider using the OS subst command to map part of the path to a drive letter.
Current project path is 'D:/Semester 02/Computer Organization And digital Design/New Labs/Micro Processor/ProgamRom'
Scanning sources...
Finished scanning sources
INFO: [IP_Flow 19-234] Refreshing IP repositories
INFO: [IP_Flow 19-1704] No user IP repositories specified
INFO: [IP_Flow 19-2313] Loaded Vivado IP repository 'C:/Xilinx/Vivado/2018.2/data/ip'.
update_compile_order -fileset sources_1
reset_run synth_1
launch_runs synth_1 -jobs 4
[Sat Jun  3 15:00:07 2023] Launched synth_1...
Run output will be captured here: D:/Semester 02/Computer Organization And digital Design/New Labs/Micro Processor/ProgamRom/ProgamRom.runs/synth_1/runme.log
launch_runs impl_1 -jobs 4
[Sat Jun  3 15:00:29 2023] Launched impl_1...
Run output will be captured here: D:/Semester 02/Computer Organization And digital Design/New Labs/Micro Processor/ProgamRom/ProgamRom.runs/impl_1/runme.log
exit
INFO: [Common 17-206] Exiting Vivado at Sat Jun  3 15:01:25 2023...
