Copyright 1986-2018 Xilinx, Inc. All Rights Reserved.
-------------------------------------------------------------------------------------
| Tool Version : Vivado v.2018.2 (win64) Build 2258646 Thu Jun 14 20:03:12 MDT 2018
| Date         : Fri Jun  2 17:58:19 2023
| Host         : DESKTOP-CG53016 running 64-bit major release  (build 9200)
| Command      : report_control_sets -verbose -file AU_7_Seg_control_sets_placed.rpt
| Design       : AU_7_Seg
| Device       : xc7a35t
-------------------------------------------------------------------------------------

Control Set Information

Table of Contents
-----------------
1. Summary
2. Histogram
3. Flip-Flop Distribution
4. Detailed Control Set Information

1. Summary
----------

+----------------------------------------------------------+-------+
|                          Status                          | Count |
+----------------------------------------------------------+-------+
| Number of unique control sets                            |     6 |
| Unused register locations in slices containing registers |     8 |
+----------------------------------------------------------+-------+


2. Histogram
------------

+--------+--------------+
| Fanout | Control Sets |
+--------+--------------+
|      6 |            2 |
|      8 |            2 |
|    16+ |            2 |
+--------+--------------+


3. Flip-Flop Distribution
-------------------------

+--------------+-----------------------+------------------------+-----------------+--------------+
| Clock Enable | Synchronous Set/Reset | Asynchronous Set/Reset | Total Registers | Total Slices |
+--------------+-----------------------+------------------------+-----------------+--------------+
| No           | No                    | No                     |              12 |            4 |
| No           | No                    | Yes                    |               0 |            0 |
| No           | Yes                   | No                     |             124 |           16 |
| Yes          | No                    | No                     |              16 |            4 |
| Yes          | No                    | Yes                    |               0 |            0 |
| Yes          | Yes                   | No                     |               0 |            0 |
+--------------+-----------------------+------------------------+-----------------+--------------+


4. Detailed Control Set Information
-----------------------------------

+----------------------+---------------+--------------------------------------+------------------+----------------+
|     Clock Signal     | Enable Signal |           Set/Reset Signal           | Slice Load Count | Bel Load Count |
+----------------------+---------------+--------------------------------------+------------------+----------------+
|  Clk_out_BUFG        |               |                                      |                2 |              6 |
|  Clk_IBUF_BUFG       |               |                                      |                2 |              6 |
|  AU_0/Slow_Clk_0/CLK | AU_0/Reg_B/En |                                      |                2 |              8 |
|  AU_0/Slow_Clk_0/CLK | RegSel_IBUF   |                                      |                2 |              8 |
|  Clk_out_BUFG        |               | AU_0/Slow_Clk_0/count[31]_i_1__0_n_0 |                8 |             62 |
|  Clk_IBUF_BUFG       |               | Slow_Clk_0/count[31]_i_1_n_0         |                8 |             62 |
+----------------------+---------------+--------------------------------------+------------------+----------------+


