#-----------------------------------------------------------
# Vivado v2018.2 (64-bit)
# SW Build 2258646 on Thu Jun 14 20:03:12 MDT 2018
# IP Build 2256618 on Thu Jun 14 22:10:49 MDT 2018
# Start of session at: Sat Jun 10 22:25:34 2023
# Process ID: 18816
# Current directory: D:/Semester 02/Computer Organization And digital Design/New Labs/Micro Processor/4 bit adder substractor new
# Command line: vivado.exe -gui_launcher_event rodinguilauncherevent13988 D:\Semester 02\Computer Organization And digital Design\New Labs\Micro Processor\4 bit adder substractor new\4 bit adder substractor new.xpr
# Log file: D:/Semester 02/Computer Organization And digital Design/New Labs/Micro Processor/4 bit adder substractor new/vivado.log
# Journal file: D:/Semester 02/Computer Organization And digital Design/New Labs/Micro Processor/4 bit adder substractor new\vivado.jou
#-----------------------------------------------------------
start_gui
open_project {D:/Semester 02/Computer Organization And digital Design/New Labs/Micro Processor/4 bit adder substractor new/4 bit adder substractor new.xpr}
INFO: [ProjectBase 1-489] The host OS only allows 260 characters in a normal path. The project is stored in a path with more than 80 characters. If you experience issues with IP, Block Designs, or files not being found, please consider moving the project to a location with a shorter path. Alternately consider using the OS subst command to map part of the path to a drive letter.
Current project path is 'D:/Semester 02/Computer Organization And digital Design/New Labs/Micro Processor/4 bit adder substractor new'
Scanning sources...
Finished scanning sources
INFO: [IP_Flow 19-234] Refreshing IP repositories
INFO: [IP_Flow 19-1704] No user IP repositories specified
INFO: [IP_Flow 19-2313] Loaded Vivado IP repository 'C:/Xilinx/Vivado/2018.2/data/ip'.
open_project: Time (s): cpu = 00:00:05 ; elapsed = 00:00:05 . Memory (MB): peak = 953.879 ; gain = 189.477
update_compile_order -fileset sources_1
launch_simulation
INFO: [Vivado 12-5682] Launching behavioral simulation in 'D:/Semester 02/Computer Organization And digital Design/New Labs/Micro Processor/4 bit adder substractor new/4 bit adder substractor new.sim/sim_1/behav/xsim'
INFO: [SIM-utils-51] Simulation object is 'sim_1'
INFO: [SIM-utils-54] Inspecting design source files for 'AdderSubs_TB' in fileset 'sim_1'...
INFO: [USF-XSim-97] Finding global include files...
INFO: [USF-XSim-98] Fetching design files from 'sim_1'...
INFO: [USF-XSim-2] XSim::Compile design
INFO: [USF-XSim-61] Executing 'COMPILE and ANALYZE' step in 'D:/Semester 02/Computer Organization And digital Design/New Labs/Micro Processor/4 bit adder substractor new/4 bit adder substractor new.sim/sim_1/behav/xsim'
"xvhdl --incr --relax -prj AdderSubs_TB_vhdl.prj"
INFO: [USF-XSim-69] 'compile' step finished in '1' seconds
INFO: [USF-XSim-3] XSim::Elaborate design
INFO: [USF-XSim-61] Executing 'ELABORATE' step in 'D:/Semester 02/Computer Organization And digital Design/New Labs/Micro Processor/4 bit adder substractor new/4 bit adder substractor new.sim/sim_1/behav/xsim'
Vivado Simulator 2018.2
Copyright 1986-1999, 2001-2018 Xilinx, Inc. All Rights Reserved.
Running: C:/Xilinx/Vivado/2018.2/bin/unwrapped/win64.o/xelab.exe -wto c73e047e26b1422985d289c32db9ebb5 --incr --debug typical --relax --mt 2 -L xil_defaultlib -L secureip --snapshot AdderSubs_TB_behav xil_defaultlib.AdderSubs_TB -log elaborate.log 
Using 2 slave threads.
Starting static elaboration
Completed static elaboration
INFO: [XSIM 43-4323] No Change in HDL. Linking previously generated obj files to create kernel
INFO: [USF-XSim-69] 'elaborate' step finished in '1' seconds
INFO: [USF-XSim-4] XSim::Simulate design
INFO: [USF-XSim-61] Executing 'SIMULATE' step in 'D:/Semester 02/Computer Organization And digital Design/New Labs/Micro Processor/4 bit adder substractor new/4 bit adder substractor new.sim/sim_1/behav/xsim'
INFO: [USF-XSim-98] *** Running xsim
   with args "AdderSubs_TB_behav -key {Behavioral:sim_1:Functional:AdderSubs_TB} -tclbatch {AdderSubs_TB.tcl} -log {simulate.log}"
INFO: [USF-XSim-8] Loading simulator feature
Vivado Simulator 2018.2
Time resolution is 1 ps
source AdderSubs_TB.tcl
# set curr_wave [current_wave_config]
# if { [string length $curr_wave] == 0 } {
#   if { [llength [get_objects]] > 0} {
#     add_wave /
#     set_property needs_save false [current_wave_config]
#   } else {
#      send_msg_id Add_Wave-1 WARNING "No top level signals found. Simulator will start without a wave window. If you want to open a wave window go to 'File->New Waveform Configuration' or type 'create_wave_config' in the TCL console."
#   }
# }
# run 1000ns
INFO: [USF-XSim-96] XSim completed. Design snapshot 'AdderSubs_TB_behav' loaded.
INFO: [USF-XSim-97] XSim simulation ran for 1000ns
close_sim
INFO: [Simtcl 6-16] Simulation closed
exit
INFO: [Common 17-206] Exiting Vivado at Sat Jun 10 22:28:42 2023...
